<?xml version="1.0" encoding="utf-8" standalone="no"?>
<test-run id="0" runstate="Runnable" testcasecount="13" result="Passed" total="13" passed="13" failed="0" warnings="0" inconclusive="0" skipped="0" asserts="8" engine-version="3.18.1.0" clr-version="4.0.30319.42000" start-time="2024-09-08 08:59:43Z" end-time="2024-09-08 08:59:44Z" duration="1.315772">
  <command-line><![CDATA[C:\Code\7_days_to_die\CustomMusic\packages\NUnit.ConsoleRunner.3.18.1\tools\nunit3-console.exe UnitTests/bin/Debug/UnitTests.dll]]></command-line>
  <test-suite type="Assembly" id="1-1017" name="UnitTests.dll" fullname="C:\Code\7_days_to_die\CustomMusic\UnitTests\bin\Debug\UnitTests.dll" runstate="Runnable" testcasecount="13" result="Passed" start-time="2024-09-08 08:59:43Z" end-time="2024-09-08 08:59:44Z" duration="0.863318" total="13" passed="13" failed="0" inconclusive="0" skipped="0" asserts="8">
    <environment framework-version="3.5.0.0" clr-version="4.0.30319.42000" os-version="Microsoft Windows NT 10.0.22631.0" platform="Win32NT" cwd="C:\Code\7_days_to_die\CustomMusic" machine-name="DESKTOP-H3I7QTE" user="Riz" user-domain="DESKTOP-H3I7QTE" culture="en-US" uiculture="en-GB" os-architecture="x64" />
    <settings>
      <setting name="DisposeRunners" value="True" />
      <setting name="WorkDirectory" value="C:\Code\7_days_to_die\CustomMusic" />
      <setting name="ImageRuntimeVersion" value="4.0.30319" />
      <setting name="ImageTargetFrameworkName" value=".NETFramework,Version=v4.8.1" />
      <setting name="ImageRequiresX86" value="False" />
      <setting name="ImageRequiresDefaultAppDomainAssemblyResolver" value="False" />
      <setting name="TargetRuntimeFramework" value="net-4.8.1" />
      <setting name="NumberOfTestWorkers" value="32" />
    </settings>
    <properties>
      <property name="_PID" value="3820" />
      <property name="_APPDOMAIN" value="domain-" />
    </properties>
    <test-suite type="TestSuite" id="1-1018" name="UnitTests" fullname="UnitTests" runstate="Runnable" testcasecount="13" result="Passed" start-time="2024-09-08 08:59:43Z" end-time="2024-09-08 08:59:44Z" duration="0.832702" total="13" passed="13" failed="0" inconclusive="0" skipped="0" asserts="8">
      <test-suite type="TestSuite" id="1-1019" name="Harmony" fullname="UnitTests.Harmony" runstate="Runnable" testcasecount="13" result="Passed" start-time="2024-09-08 08:59:43Z" end-time="2024-09-08 08:59:44Z" duration="0.802409" total="13" passed="13" failed="0" inconclusive="0" skipped="0" asserts="8">
        <test-suite type="TestFixture" id="1-1000" name="MainTests" fullname="UnitTests.Harmony.MainTests" classname="UnitTests.Harmony.MainTests" runstate="Runnable" testcasecount="2" result="Passed" start-time="2024-09-08 08:59:43Z" end-time="2024-09-08 08:59:44Z" duration="0.221421" total="2" passed="2" failed="0" inconclusive="0" skipped="0" asserts="0">
          <test-case id="1-1001" name="it_initializes_harmony" fullname="UnitTests.Harmony.MainTests.it_initializes_harmony" methodname="it_initializes_harmony" classname="UnitTests.Harmony.MainTests" runstate="Runnable" seed="1486876271" result="Passed" start-time="2024-09-08 08:59:43Z" end-time="2024-09-08 08:59:44Z" duration="0.164453" asserts="0" />
          <test-case id="1-1002" name="it_patches_all_classes" fullname="UnitTests.Harmony.MainTests.it_patches_all_classes" methodname="it_patches_all_classes" classname="UnitTests.Harmony.MainTests" runstate="Runnable" seed="217711695" result="Passed" start-time="2024-09-08 08:59:44Z" end-time="2024-09-08 08:59:44Z" duration="0.001138" asserts="0" />
        </test-suite>
        <test-suite type="TestFixture" id="1-1003" name="ServicesTest" fullname="UnitTests.Harmony.ServicesTest" classname="UnitTests.Harmony.ServicesTest" runstate="Runnable" testcasecount="2" result="Passed" start-time="2024-09-08 08:59:44Z" end-time="2024-09-08 08:59:44Z" duration="0.063749" total="2" passed="2" failed="0" inconclusive="0" skipped="0" asserts="2">
          <test-case id="1-1004" name="it_adds_the_harmony_adapter" fullname="UnitTests.Harmony.ServicesTest.it_adds_the_harmony_adapter" methodname="it_adds_the_harmony_adapter" classname="UnitTests.Harmony.ServicesTest" runstate="Runnable" seed="702836974" result="Passed" start-time="2024-09-08 08:59:44Z" end-time="2024-09-08 08:59:44Z" duration="0.009229" asserts="1" />
          <test-case id="1-1005" name="it_adds_the_volume_analyzer" fullname="UnitTests.Harmony.ServicesTest.it_adds_the_volume_analyzer" methodname="it_adds_the_volume_analyzer" classname="UnitTests.Harmony.ServicesTest" runstate="Runnable" seed="1092787939" result="Passed" start-time="2024-09-08 08:59:44Z" end-time="2024-09-08 08:59:44Z" duration="0.000801" asserts="1" />
        </test-suite>
        <test-suite type="TestSuite" id="1-1020" name="Volume" fullname="UnitTests.Harmony.Volume" runstate="Runnable" testcasecount="9" result="Passed" start-time="2024-09-08 08:59:43Z" end-time="2024-09-08 08:59:44Z" duration="0.770672" total="9" passed="9" failed="0" inconclusive="0" skipped="0" asserts="6">
          <test-suite type="TestFixture" id="1-1006" name="VolumeAdjusterTests" fullname="UnitTests.Harmony.Volume.VolumeAdjusterTests" classname="UnitTests.Harmony.Volume.VolumeAdjusterTests" runstate="Runnable" testcasecount="3" result="Passed" start-time="2024-09-08 08:59:44Z" end-time="2024-09-08 08:59:44Z" duration="0.143167" total="3" passed="3" failed="0" inconclusive="0" skipped="0" asserts="0">
            <test-case id="1-1007" name="it_adjusts_volume_based_on_decibel_difference" fullname="UnitTests.Harmony.Volume.VolumeAdjusterTests.it_adjusts_volume_based_on_decibel_difference" methodname="it_adjusts_volume_based_on_decibel_difference" classname="UnitTests.Harmony.Volume.VolumeAdjusterTests" runstate="Runnable" seed="164222721" result="Passed" start-time="2024-09-08 08:59:44Z" end-time="2024-09-08 08:59:44Z" duration="0.051066" asserts="0" />
            <test-case id="1-1009" name="it_does_not_adjust_volume_when_dynamic_music_volume_cannot_be_retrieved" fullname="UnitTests.Harmony.Volume.VolumeAdjusterTests.it_does_not_adjust_volume_when_dynamic_music_volume_cannot_be_retrieved" methodname="it_does_not_adjust_volume_when_dynamic_music_volume_cannot_be_retrieved" classname="UnitTests.Harmony.Volume.VolumeAdjusterTests" runstate="Runnable" seed="1248007702" result="Passed" start-time="2024-09-08 08:59:44Z" end-time="2024-09-08 08:59:44Z" duration="0.004609" asserts="0" />
            <test-case id="1-1008" name="it_skips_adjustment_when_precalculated_decibel_is_negative_infinity" fullname="UnitTests.Harmony.Volume.VolumeAdjusterTests.it_skips_adjustment_when_precalculated_decibel_is_negative_infinity" methodname="it_skips_adjustment_when_precalculated_decibel_is_negative_infinity" classname="UnitTests.Harmony.Volume.VolumeAdjusterTests" runstate="Runnable" seed="1926925955" result="Passed" start-time="2024-09-08 08:59:44Z" end-time="2024-09-08 08:59:44Z" duration="0.001696" asserts="0" />
          </test-suite>
          <test-suite type="TestFixture" id="1-1010" name="VolumeAnalyzerTests" fullname="UnitTests.Harmony.Volume.VolumeAnalyzerTests" classname="UnitTests.Harmony.Volume.VolumeAnalyzerTests" runstate="Runnable" testcasecount="6" result="Passed" start-time="2024-09-08 08:59:44Z" end-time="2024-09-08 08:59:44Z" duration="0.219129" total="6" passed="6" failed="0" inconclusive="0" skipped="0" asserts="6">
            <test-case id="1-1016" name="it_finds_the_largest_amplitude_across_multiple_chunks" fullname="UnitTests.Harmony.Volume.VolumeAnalyzerTests.it_finds_the_largest_amplitude_across_multiple_chunks" methodname="it_finds_the_largest_amplitude_across_multiple_chunks" classname="UnitTests.Harmony.Volume.VolumeAnalyzerTests" runstate="Runnable" seed="1577895495" result="Passed" start-time="2024-09-08 08:59:44Z" end-time="2024-09-08 08:59:44Z" duration="0.031129" asserts="1" />
            <test-case id="1-1012" name="it_finds_the_largest_amplitude_from_two_samples" fullname="UnitTests.Harmony.Volume.VolumeAnalyzerTests.it_finds_the_largest_amplitude_from_two_samples" methodname="it_finds_the_largest_amplitude_from_two_samples" classname="UnitTests.Harmony.Volume.VolumeAnalyzerTests" runstate="Runnable" seed="363881937" result="Passed" start-time="2024-09-08 08:59:44Z" end-time="2024-09-08 08:59:44Z" duration="0.001521" asserts="1" />
            <test-case id="1-1014" name="it_finds_the_largest_amplitude_with_zeros_and_non_zeros" fullname="UnitTests.Harmony.Volume.VolumeAnalyzerTests.it_finds_the_largest_amplitude_with_zeros_and_non_zeros" methodname="it_finds_the_largest_amplitude_with_zeros_and_non_zeros" classname="UnitTests.Harmony.Volume.VolumeAnalyzerTests" runstate="Runnable" seed="157128578" result="Passed" start-time="2024-09-08 08:59:44Z" end-time="2024-09-08 08:59:44Z" duration="0.002644" asserts="1" />
            <test-case id="1-1015" name="it_handles_identical_samples" fullname="UnitTests.Harmony.Volume.VolumeAnalyzerTests.it_handles_identical_samples" methodname="it_handles_identical_samples" classname="UnitTests.Harmony.Volume.VolumeAnalyzerTests" runstate="Runnable" seed="260729181" result="Passed" start-time="2024-09-08 08:59:44Z" end-time="2024-09-08 08:59:44Z" duration="0.002165" asserts="1" />
            <test-case id="1-1013" name="it_handles_negative_samples" fullname="UnitTests.Harmony.Volume.VolumeAnalyzerTests.it_handles_negative_samples" methodname="it_handles_negative_samples" classname="UnitTests.Harmony.Volume.VolumeAnalyzerTests" runstate="Runnable" seed="1746583816" result="Passed" start-time="2024-09-08 08:59:44Z" end-time="2024-09-08 08:59:44Z" duration="0.002364" asserts="1" />
            <test-case id="1-1011" name="it_handles_tracks_with_no_valid_samples" fullname="UnitTests.Harmony.Volume.VolumeAnalyzerTests.it_handles_tracks_with_no_valid_samples" methodname="it_handles_tracks_with_no_valid_samples" classname="UnitTests.Harmony.Volume.VolumeAnalyzerTests" runstate="Runnable" seed="778474282" result="Passed" start-time="2024-09-08 08:59:44Z" end-time="2024-09-08 08:59:44Z" duration="0.002270" asserts="1" />
          </test-suite>
        </test-suite>
      </test-suite>
    </test-suite>
  </test-suite>
</test-run>